<?xml version="1.0" encoding="UTF-8"?>
<!-- Generated by org.testng.reporters.JUnitXMLReporter -->
<testsuite ignored="2" hostname="DESKTOP-77PRAQC" failures="0" tests="1" name="Default test" time="15.273" errors="0" timestamp="2026-09-07T13:21:54 IST">
  <testcase classname="navigationcommands.NavigationCommands" name="NavigateRefreshDemo" time="15.003"/>
  <testcase classname="navigationcommands.NavigationCommands" name="NavigateBackDemo" time="0.0">
    <ignored/>
  </testcase> <!-- NavigateBackDemo -->
  <testcase classname="navigationcommands.NavigationCommands" name="NavigateForwardDemo" time="0.0">
    <ignored/>
  </testcase> <!-- NavigateForwardDemo -->
</testsuite> <!-- Default test -->
