<?xml version="1.0" encoding="UTF-8"?>
<!-- Generated by org.testng.reporters.JUnitXMLReporter -->
<testsuite ignored="0" hostname="DESKTOP-77PRAQC" failures="0" tests="10" name="Default test" time="159.216" errors="0" timestamp="2026-09-07T12:37:46 IST">
  <testcase classname="CICDJenkins.allure.CICDJenkins" name="ChromeBrowserTest" time="6.621"/>
  <testcase classname="CICDJenkins.allure.CICDJenkins" name="FirefoxBrowserTest" time="7.245"/>
  <testcase classname="CICDJenkins.allure.CICDJenkins" name="EdgeBrowserTest" time="4.595"/>
  <testcase classname="CICDJenkins.allure.CICDJenkins" name="FirefoxBrowserTest3" time="7.568"/>
  <testcase classname="CICDJenkins.allure.CICDJenkins" name="FirefoxBrowserTest4" time="98.97"/>
  <testcase classname="CICDJenkins.allure.CICDJenkins" name="ChromeBrowserTest5" time="9.958"/>
  <testcase classname="CICDJenkins.allure.CICDJenkins" name="ChromeBrowserTest6" time="6.428"/>
  <testcase classname="CICDJenkins.allure.CICDJenkins" name="ChromeBrowserTest7" time="3.955"/>
  <testcase classname="CICDJenkins.allure.CICDJenkins" name="ChromeBrowserTest8" time="2.411"/>
  <testcase classname="CICDJenkins.allure.CICDJenkins" name="EdgeBrowserTest9" time="11.174"/>
</testsuite> <!-- Default test -->
