<?xml version="1.0" encoding="UTF-8"?>
<!-- Generated by org.testng.reporters.JUnitXMLReporter -->
<testsuite ignored="0" hostname="DESKTOP-77PRAQC" failures="0" tests="3" name="Default test" time="12.337" errors="0" timestamp="2026-09-01T12:33:30 IST">
  <testcase classname="seleniumWebDriver.Browsers.LaunchDifferentBrowsers" name="ChromeBrowser" time="2.915"/>
  <testcase classname="seleniumWebDriver.Browsers.LaunchDifferentBrowsers" name="EdgeBrowser" time="2.0"/>
  <testcase classname="seleniumWebDriver.Browsers.LaunchDifferentBrowsers" name="FirefoxBrowser" time="7.354"/>
</testsuite> <!-- Default test -->
