<?xml version="1.0" encoding="UTF-8"?>
<testng-results ignored="0" total="10" passed="10" failed="0" skipped="0">
  <reporter-output>
  </reporter-output>
  <suite started-at="2026-09-07T12:35:06 IST" name="Default suite" finished-at="2026-09-07T12:37:46 IST" duration-ms="159216">
    <groups>
    </groups>
    <test started-at="2026-09-07T12:35:06 IST" name="Default test" finished-at="2026-09-07T12:37:46 IST" duration-ms="159216">
      <class name="CICDJenkins.allure.CICDJenkins">
        <test-method signature="ChromeBrowserTest()[pri:0, instance:CICDJenkins.allure.CICDJenkins@7749bf93]" started-at="2026-09-07T12:35:06 IST" name="ChromeBrowserTest" finished-at="2026-09-07T12:35:13 IST" duration-ms="6621" status="PASS">
          <reporter-output>
          </reporter-output>
        </test-method> <!-- ChromeBrowserTest -->
        <test-method signature="FirefoxBrowserTest()[pri:1, instance:CICDJenkins.allure.CICDJenkins@7749bf93]" started-at="2026-09-07T12:35:13 IST" name="FirefoxBrowserTest" finished-at="2026-09-07T12:35:20 IST" duration-ms="7245" status="PASS">
          <reporter-output>
          </reporter-output>
        </test-method> <!-- FirefoxBrowserTest -->
        <test-method signature="EdgeBrowserTest()[pri:2, instance:CICDJenkins.allure.CICDJenkins@7749bf93]" started-at="2026-09-07T12:35:20 IST" name="EdgeBrowserTest" finished-at="2026-09-07T12:35:25 IST" duration-ms="4595" status="PASS">
          <reporter-output>
          </reporter-output>
        </test-method> <!-- EdgeBrowserTest -->
        <test-method signature="FirefoxBrowserTest3()[pri:3, instance:CICDJenkins.allure.CICDJenkins@7749bf93]" started-at="2026-09-07T12:35:25 IST" name="FirefoxBrowserTest3" finished-at="2026-09-07T12:35:33 IST" duration-ms="7568" status="PASS">
          <reporter-output>
          </reporter-output>
        </test-method> <!-- FirefoxBrowserTest3 -->
        <test-method signature="FirefoxBrowserTest4()[pri:4, instance:CICDJenkins.allure.CICDJenkins@7749bf93]" started-at="2026-09-07T12:35:33 IST" name="FirefoxBrowserTest4" finished-at="2026-09-07T12:37:12 IST" duration-ms="98970" status="PASS">
          <reporter-output>
          </reporter-output>
        </test-method> <!-- FirefoxBrowserTest4 -->
        <test-method signature="ChromeBrowserTest5()[pri:5, instance:CICDJenkins.allure.CICDJenkins@7749bf93]" started-at="2026-09-07T12:37:12 IST" name="ChromeBrowserTest5" finished-at="2026-09-07T12:37:22 IST" duration-ms="9958" status="PASS">
          <reporter-output>
          </reporter-output>
        </test-method> <!-- ChromeBrowserTest5 -->
        <test-method signature="ChromeBrowserTest6()[pri:6, instance:CICDJenkins.allure.CICDJenkins@7749bf93]" started-at="2026-09-07T12:37:22 IST" name="ChromeBrowserTest6" finished-at="2026-09-07T12:37:28 IST" duration-ms="6428" status="PASS">
          <reporter-output>
          </reporter-output>
        </test-method> <!-- ChromeBrowserTest6 -->
        <test-method signature="ChromeBrowserTest7()[pri:7, instance:CICDJenkins.allure.CICDJenkins@7749bf93]" started-at="2026-09-07T12:37:28 IST" name="ChromeBrowserTest7" finished-at="2026-09-07T12:37:32 IST" duration-ms="3955" status="PASS">
          <reporter-output>
          </reporter-output>
        </test-method> <!-- ChromeBrowserTest7 -->
        <test-method signature="ChromeBrowserTest8()[pri:8, instance:CICDJenkins.allure.CICDJenkins@7749bf93]" started-at="2026-09-07T12:37:32 IST" name="ChromeBrowserTest8" finished-at="2026-09-07T12:37:34 IST" duration-ms="2411" status="PASS">
          <reporter-output>
          </reporter-output>
        </test-method> <!-- ChromeBrowserTest8 -->
        <test-method signature="EdgeBrowserTest9()[pri:9, instance:CICDJenkins.allure.CICDJenkins@7749bf93]" started-at="2026-09-07T12:37:34 IST" name="EdgeBrowserTest9" finished-at="2026-09-07T12:37:46 IST" duration-ms="11174" status="PASS">
          <reporter-output>
          </reporter-output>
        </test-method> <!-- EdgeBrowserTest9 -->
      </class> <!-- CICDJenkins.allure.CICDJenkins -->
    </test> <!-- Default test -->
  </suite> <!-- Default suite -->
</testng-results>
