<?xml version="1.0" encoding="UTF-8"?>
<!-- Generated by org.testng.reporters.JUnitXMLReporter -->
<testsuite ignored="0" hostname="DESKTOP-77PRAQC" failures="0" tests="4" name="Default test" time="31.797" errors="0" timestamp="2026-09-08T09:22:34 IST">
  <testcase classname="informationCommands.InformationCommands" name="verifyBrowserInformation4" time="8.348"/>
  <testcase classname="informationCommands.InformationCommands" name="verifyBrowserInformation1" time="4.612"/>
  <testcase classname="informationCommands.InformationCommands" name="verifyBrowserInformation2" time="0.648"/>
  <testcase classname="informationCommands.InformationCommands" name="verifyBrowserInformation" time="17.955"/>
</testsuite> <!-- Default test -->
