<?xml version="1.0" encoding="UTF-8"?>
<!-- Generated by org.testng.reporters.JUnitXMLReporter -->
<testsuite ignored="0" hostname="DESKTOP-77PRAQC" failures="0" tests="10" name="Default test" time="183.167" errors="0" timestamp="2026-09-07T12:06:21 IST">
  <testcase classname="webDriverCommands.BrowserCommands" name="ChromeBrowserTest" time="6.096"/>
  <testcase classname="webDriverCommands.BrowserCommands" name="FirefoxBrowserTest" time="8.97"/>
  <testcase classname="webDriverCommands.BrowserCommands" name="EdgeBrowserTest" time="6.182"/>
  <testcase classname="webDriverCommands.BrowserCommands" name="FirefoxBrowserTest3" time="13.876"/>
  <testcase classname="webDriverCommands.BrowserCommands" name="FirefoxBrowserTest4" time="104.928"/>
  <testcase classname="webDriverCommands.BrowserCommands" name="ChromeBrowserTest5" time="15.105"/>
  <testcase classname="webDriverCommands.BrowserCommands" name="ChromeBrowserTest6" time="6.886"/>
  <testcase classname="webDriverCommands.BrowserCommands" name="ChromeBrowserTest7" time="4.328"/>
  <testcase classname="webDriverCommands.BrowserCommands" name="ChromeBrowserTest8" time="3.999"/>
  <testcase classname="webDriverCommands.BrowserCommands" name="EdgeBrowserTest9" time="12.441"/>
</testsuite> <!-- Default test -->
