<?xml version="1.0" encoding="UTF-8"?>
<testng-results ignored="0" total="1" passed="1" failed="0" skipped="0">
  <reporter-output>
  </reporter-output>
  <suite started-at="2026-09-09T11:42:09 IST" name="Default suite" finished-at="2026-09-09T11:42:43 IST" duration-ms="34047">
    <groups>
    </groups>
    <test started-at="2026-09-09T11:42:09 IST" name="Default test" finished-at="2026-09-09T11:42:43 IST" duration-ms="34047">
      <class name="MultipleFrames.MultipleFrames">
        <test-method signature="Frames()[pri:0, instance:MultipleFrames.MultipleFrames@545b995e]" started-at="2026-09-09T11:42:09 IST" name="Frames" finished-at="2026-09-09T11:42:43 IST" duration-ms="33813" status="PASS">
          <reporter-output>
          </reporter-output>
        </test-method> <!-- Frames -->
      </class> <!-- MultipleFrames.MultipleFrames -->
    </test> <!-- Default test -->
  </suite> <!-- Default suite -->
</testng-results>
