<?xml version="1.0" encoding="UTF-8"?>
<testng-results ignored="0" total="1" passed="1" failed="0" skipped="0">
  <reporter-output>
  </reporter-output>
  <suite started-at="2026-09-09T10:36:20 IST" name="Default suite" finished-at="2026-09-09T10:36:53 IST" duration-ms="33556">
    <groups>
    </groups>
    <test started-at="2026-09-09T10:36:20 IST" name="Default test" finished-at="2026-09-09T10:36:53 IST" duration-ms="33556">
      <class name="CSVFileReading.CSVFileRead">
        <test-method is-config="true" signature="setup()[pri:0, instance:CSVFileReading.CSVFileRead@53fd0d10]" started-at="2026-09-09T10:36:20 IST" name="setup" finished-at="2026-09-09T10:36:25 IST" duration-ms="5472" status="PASS">
          <reporter-output>
          </reporter-output>
        </test-method> <!-- setup -->
        <test-method signature="DDTTestingBlog()[pri:0, instance:CSVFileReading.CSVFileRead@53fd0d10]" started-at="2026-09-09T10:36:25 IST" name="DDTTestingBlog" finished-at="2026-09-09T10:36:53 IST" duration-ms="27230" status="PASS">
          <reporter-output>
          </reporter-output>
        </test-method> <!-- DDTTestingBlog -->
        <test-method is-config="true" signature="tearDown()[pri:0, instance:CSVFileReading.CSVFileRead@53fd0d10]" started-at="2026-09-09T10:36:53 IST" name="tearDown" finished-at="2026-09-09T10:36:53 IST" duration-ms="437" status="PASS">
          <reporter-output>
          </reporter-output>
        </test-method> <!-- tearDown -->
      </class> <!-- CSVFileReading.CSVFileRead -->
    </test> <!-- Default test -->
  </suite> <!-- Default suite -->
</testng-results>
