<?xml version="1.0" encoding="UTF-8"?>
<!-- Generated by org.testng.reporters.JUnitReportReporter -->
<testsuite hostname="DESKTOP-77PRAQC" failures="0" tests="4" name="informationCommands.InformationCommands" time="31.563" errors="0" timestamp="2026-09-08T09:22:34 IST" skipped="0">
  <testcase classname="informationCommands.InformationCommands" name="verifyBrowserInformation4" time="8.348"/>
  <testcase classname="informationCommands.InformationCommands" name="verifyBrowserInformation1" time="4.612"/>
  <testcase classname="informationCommands.InformationCommands" name="verifyBrowserInformation2" time="0.648"/>
  <testcase classname="informationCommands.InformationCommands" name="verifyBrowserInformation" time="17.955"/>
</testsuite> <!-- informationCommands.InformationCommands -->
