<?xml version="1.0" encoding="UTF-8"?>
<!-- Generated by org.testng.reporters.JUnitReportReporter -->
<testsuite hostname="DESKTOP-77PRAQC" failures="0" tests="3" name="seleniumWebDriver.Browsers.LaunchDifferentBrowsers" time="12.269" errors="0" timestamp="2026-09-01T12:33:31 IST" skipped="0">
  <testcase classname="seleniumWebDriver.Browsers.LaunchDifferentBrowsers" name="FirefoxBrowser" time="7.354"/>
  <testcase classname="seleniumWebDriver.Browsers.LaunchDifferentBrowsers" name="ChromeBrowser" time="2.915"/>
  <testcase classname="seleniumWebDriver.Browsers.LaunchDifferentBrowsers" name="EdgeBrowser" time="2.000"/>
</testsuite> <!-- seleniumWebDriver.Browsers.LaunchDifferentBrowsers -->
