<?xml version="1.0" encoding="UTF-8"?>
<testng-results ignored="0" total="4" passed="4" failed="0" skipped="0">
  <reporter-output>
  </reporter-output>
  <suite started-at="2026-09-08T09:22:02 IST" name="Default suite" finished-at="2026-09-08T09:22:34 IST" duration-ms="31797">
    <groups>
    </groups>
    <test started-at="2026-09-08T09:22:02 IST" name="Default test" finished-at="2026-09-08T09:22:34 IST" duration-ms="31797">
      <class name="informationCommands.InformationCommands">
        <test-method signature="verifyBrowserInformation4()[pri:0, instance:informationCommands.InformationCommands@4cee7fa0]" started-at="2026-09-08T09:22:03 IST" name="verifyBrowserInformation4" finished-at="2026-09-08T09:22:11 IST" duration-ms="8348" status="PASS">
          <reporter-output>
          </reporter-output>
        </test-method> <!-- verifyBrowserInformation4 -->
        <test-method signature="verifyBrowserInformation1()[pri:1, instance:informationCommands.InformationCommands@4cee7fa0]" started-at="2026-09-08T09:22:11 IST" name="verifyBrowserInformation1" finished-at="2026-09-08T09:22:16 IST" duration-ms="4612" status="PASS">
          <reporter-output>
          </reporter-output>
        </test-method> <!-- verifyBrowserInformation1 -->
        <test-method signature="verifyBrowserInformation2()[pri:2, instance:informationCommands.InformationCommands@4cee7fa0]" started-at="2026-09-08T09:22:16 IST" name="verifyBrowserInformation2" finished-at="2026-09-08T09:22:16 IST" duration-ms="648" status="PASS">
          <reporter-output>
          </reporter-output>
        </test-method> <!-- verifyBrowserInformation2 -->
        <test-method signature="verifyBrowserInformation()[pri:3, instance:informationCommands.InformationCommands@4cee7fa0]" started-at="2026-09-08T09:22:16 IST" name="verifyBrowserInformation" finished-at="2026-09-08T09:22:34 IST" duration-ms="17955" status="PASS">
          <reporter-output>
          </reporter-output>
        </test-method> <!-- verifyBrowserInformation -->
      </class> <!-- informationCommands.InformationCommands -->
    </test> <!-- Default test -->
  </suite> <!-- Default suite -->
</testng-results>
