<?xml version="1.0" encoding="UTF-8"?>
<testng-results ignored="0" total="1" passed="1" failed="0" skipped="0">
  <reporter-output>
  </reporter-output>
  <suite started-at="2026-09-08T14:48:53 IST" name="Default suite" finished-at="2026-09-08T14:49:29 IST" duration-ms="36049">
    <groups>
    </groups>
    <test started-at="2026-09-08T14:48:53 IST" name="Default test" finished-at="2026-09-08T14:49:29 IST" duration-ms="36049">
      <class name="seleniumwebdriver.locators.VitaminsLaunch">
        <test-method signature="TestDemo()[pri:0, instance:seleniumwebdriver.locators.VitaminsLaunch@4f0f2942]" started-at="2026-09-08T14:48:53 IST" name="TestDemo" finished-at="2026-09-08T14:49:29 IST" duration-ms="35840" status="PASS">
          <reporter-output>
          </reporter-output>
        </test-method> <!-- TestDemo -->
      </class> <!-- seleniumwebdriver.locators.VitaminsLaunch -->
    </test> <!-- Default test -->
  </suite> <!-- Default suite -->
</testng-results>
