<?xml version="1.0" encoding="UTF-8"?>
<testng-results ignored="0" total="10" passed="10" failed="0" skipped="0">
  <reporter-output>
  </reporter-output>
  <suite started-at="2026-09-07T12:03:18 IST" name="Default suite" finished-at="2026-09-07T12:06:21 IST" duration-ms="183167">
    <groups>
    </groups>
    <test started-at="2026-09-07T12:03:18 IST" name="Default test" finished-at="2026-09-07T12:06:21 IST" duration-ms="183167">
      <class name="webDriverCommands.BrowserCommands">
        <test-method signature="ChromeBrowserTest()[pri:0, instance:webDriverCommands.BrowserCommands@5340477f]" started-at="2026-09-07T12:03:18 IST" name="ChromeBrowserTest" finished-at="2026-09-07T12:03:24 IST" duration-ms="6096" status="PASS">
          <reporter-output>
          </reporter-output>
        </test-method> <!-- ChromeBrowserTest -->
        <test-method signature="FirefoxBrowserTest()[pri:1, instance:webDriverCommands.BrowserCommands@5340477f]" started-at="2026-09-07T12:03:24 IST" name="FirefoxBrowserTest" finished-at="2026-09-07T12:03:33 IST" duration-ms="8970" status="PASS">
          <reporter-output>
          </reporter-output>
        </test-method> <!-- FirefoxBrowserTest -->
        <test-method signature="EdgeBrowserTest()[pri:2, instance:webDriverCommands.BrowserCommands@5340477f]" started-at="2026-09-07T12:03:33 IST" name="EdgeBrowserTest" finished-at="2026-09-07T12:03:39 IST" duration-ms="6182" status="PASS">
          <reporter-output>
          </reporter-output>
        </test-method> <!-- EdgeBrowserTest -->
        <test-method signature="FirefoxBrowserTest3()[pri:3, instance:webDriverCommands.BrowserCommands@5340477f]" started-at="2026-09-07T12:03:39 IST" name="FirefoxBrowserTest3" finished-at="2026-09-07T12:03:53 IST" duration-ms="13876" status="PASS">
          <reporter-output>
          </reporter-output>
        </test-method> <!-- FirefoxBrowserTest3 -->
        <test-method signature="FirefoxBrowserTest4()[pri:4, instance:webDriverCommands.BrowserCommands@5340477f]" started-at="2026-09-07T12:03:53 IST" name="FirefoxBrowserTest4" finished-at="2026-09-07T12:05:38 IST" duration-ms="104928" status="PASS">
          <reporter-output>
          </reporter-output>
        </test-method> <!-- FirefoxBrowserTest4 -->
        <test-method signature="ChromeBrowserTest5()[pri:5, instance:webDriverCommands.BrowserCommands@5340477f]" started-at="2026-09-07T12:05:38 IST" name="ChromeBrowserTest5" finished-at="2026-09-07T12:05:53 IST" duration-ms="15105" status="PASS">
          <reporter-output>
          </reporter-output>
        </test-method> <!-- ChromeBrowserTest5 -->
        <test-method signature="ChromeBrowserTest6()[pri:6, instance:webDriverCommands.BrowserCommands@5340477f]" started-at="2026-09-07T12:05:53 IST" name="ChromeBrowserTest6" finished-at="2026-09-07T12:06:00 IST" duration-ms="6886" status="PASS">
          <reporter-output>
          </reporter-output>
        </test-method> <!-- ChromeBrowserTest6 -->
        <test-method signature="ChromeBrowserTest7()[pri:7, instance:webDriverCommands.BrowserCommands@5340477f]" started-at="2026-09-07T12:06:00 IST" name="ChromeBrowserTest7" finished-at="2026-09-07T12:06:04 IST" duration-ms="4328" status="PASS">
          <reporter-output>
          </reporter-output>
        </test-method> <!-- ChromeBrowserTest7 -->
        <test-method signature="ChromeBrowserTest8()[pri:8, instance:webDriverCommands.BrowserCommands@5340477f]" started-at="2026-09-07T12:06:04 IST" name="ChromeBrowserTest8" finished-at="2026-09-07T12:06:08 IST" duration-ms="3999" status="PASS">
          <reporter-output>
          </reporter-output>
        </test-method> <!-- ChromeBrowserTest8 -->
        <test-method signature="EdgeBrowserTest9()[pri:9, instance:webDriverCommands.BrowserCommands@5340477f]" started-at="2026-09-07T12:06:08 IST" name="EdgeBrowserTest9" finished-at="2026-09-07T12:06:21 IST" duration-ms="12441" status="PASS">
          <reporter-output>
          </reporter-output>
        </test-method> <!-- EdgeBrowserTest9 -->
      </class> <!-- webDriverCommands.BrowserCommands -->
    </test> <!-- Default test -->
  </suite> <!-- Default suite -->
</testng-results>
