<?xml version="1.0" encoding="UTF-8"?>
<testng-results ignored="2" total="3" passed="1" failed="0" skipped="0">
  <reporter-output>
  </reporter-output>
  <suite started-at="2026-09-07T13:21:38 IST" name="Default suite" finished-at="2026-09-07T13:21:54 IST" duration-ms="15273">
    <groups>
    </groups>
    <test started-at="2026-09-07T13:21:38 IST" name="Default test" finished-at="2026-09-07T13:21:54 IST" duration-ms="15273">
      <class name="navigationcommands.NavigationCommands">
        <test-method signature="NavigateRefreshDemo()[pri:2, instance:navigationcommands.NavigationCommands@539d019]" started-at="2026-09-07T13:21:38 IST" name="NavigateRefreshDemo" finished-at="2026-09-07T13:21:53 IST" duration-ms="15003" status="PASS">
          <reporter-output>
          </reporter-output>
        </test-method> <!-- NavigateRefreshDemo -->
      </class> <!-- navigationcommands.NavigationCommands -->
    </test> <!-- Default test -->
  </suite> <!-- Default suite -->
</testng-results>
