<?xml version="1.0" encoding="UTF-8"?>
<testng-results ignored="0" total="3" passed="3" failed="0" skipped="0">
  <reporter-output>
  </reporter-output>
  <suite started-at="2026-09-01T12:33:18 IST" name="Default suite" finished-at="2026-09-01T12:33:30 IST" duration-ms="12337">
    <groups>
    </groups>
    <test started-at="2026-09-01T12:33:18 IST" name="Default test" finished-at="2026-09-01T12:33:30 IST" duration-ms="12337">
      <class name="seleniumWebDriver.Browsers.LaunchDifferentBrowsers">
        <test-method signature="ChromeBrowser()[pri:0, instance:seleniumWebDriver.Browsers.LaunchDifferentBrowsers@49e53c76]" started-at="2026-09-01T12:33:18 IST" name="ChromeBrowser" finished-at="2026-09-01T12:33:21 IST" duration-ms="2915" status="PASS">
          <reporter-output>
          </reporter-output>
        </test-method> <!-- ChromeBrowser -->
        <test-method signature="EdgeBrowser()[pri:0, instance:seleniumWebDriver.Browsers.LaunchDifferentBrowsers@49e53c76]" started-at="2026-09-01T12:33:21 IST" name="EdgeBrowser" finished-at="2026-09-01T12:33:23 IST" duration-ms="2000" status="PASS">
          <reporter-output>
          </reporter-output>
        </test-method> <!-- EdgeBrowser -->
        <test-method signature="FirefoxBrowser()[pri:0, instance:seleniumWebDriver.Browsers.LaunchDifferentBrowsers@49e53c76]" started-at="2026-09-01T12:33:23 IST" name="FirefoxBrowser" finished-at="2026-09-01T12:33:30 IST" duration-ms="7354" status="PASS">
          <reporter-output>
          </reporter-output>
        </test-method> <!-- FirefoxBrowser -->
      </class> <!-- seleniumWebDriver.Browsers.LaunchDifferentBrowsers -->
    </test> <!-- Default test -->
  </suite> <!-- Default suite -->
</testng-results>
